{"E:\\CODEACADEMY_WORKSPACE\\es6-features\\object-key.js": {"path":"E:\\CODEACADEMY_WORKSPACE\\es6-features\\object-key.js","statementMap":{"0":{"start":{"line":1,"column":23},"end":{"line":12,"column":1}},"1":{"start":{"line":2,"column":4},"end":{"line":11,"column":5}},"2":{"start":{"line":3,"column":8},"end":{"line":3,"column":21}},"3":{"start":{"line":6,"column":24},"end":{"line":6,"column":26}},"4":{"start":{"line":7,"column":8},"end":{"line":9,"column":9}},"5":{"start":{"line":8,"column":12},"end":{"line":8,"column":41}},"6":{"start":{"line":10,"column":8},"end":{"line":10,"column":25}},"7":{"start":{"line":14,"column":0},"end":{"line":14,"column":32}}},"fnMap":{"0":{"name":"(anonymous_0)","decl":{"start":{"line":1,"column":23},"end":{"line":1,"column":24}},"loc":{"start":{"line":1,"column":46},"end":{"line":12,"column":1}},"line":1}},"branchMap":{"0":{"loc":{"start":{"line":2,"column":4},"end":{"line":11,"column":5}},"type":"if","locations":[{"start":{"line":2,"column":4},"end":{"line":11,"column":5}},{"start":{"line":2,"column":4},"end":{"line":11,"column":5}}],"line":2},"1":{"loc":{"start":{"line":2,"column":10},"end":{"line":2,"column":69}},"type":"binary-expr","locations":[{"start":{"line":2,"column":10},"end":{"line":2,"column":39}},{"start":{"line":2,"column":43},"end":{"line":2,"column":69}}],"line":2}},"s":{"0":1,"1":3,"2":2,"3":1,"4":1,"5":3,"6":1,"7":1},"f":{"0":3},"b":{"0":[2,1],"1":[3,1]},"_coverageSchema":"332fd63041d2c1bcb487cc26dd0d5f7d97098a6c","hash":"8f2e2d613f7aca3cccc0bffa30840945d211a89c"}
}
